<?xml version="1.0" encoding="UTF-8"?>
<testng-results ignored="0" total="1" passed="1" failed="0" skipped="0">
  <reporter-output>
  </reporter-output>
  <suite started-at="2023-12-09T11:38:38 IST" name="Default suite" finished-at="2023-12-09T11:38:38 IST" duration-ms="219">
    <groups>
    </groups>
    <test started-at="2023-12-09T11:38:38 IST" name="Default test" finished-at="2023-12-09T11:38:38 IST" duration-ms="219">
      <class name="mavenTest.createnewTest">
        <test-method signature="myTest()[pri:0, instance:mavenTest.createnewTest@35e2d654]" started-at="2023-12-09T11:38:38 IST" name="myTest" finished-at="2023-12-09T11:38:38 IST" duration-ms="24" status="PASS">
          <reporter-output>
          </reporter-output>
        </test-method> <!-- myTest -->
      </class> <!-- mavenTest.createnewTest -->
    </test> <!-- Default test -->
  </suite> <!-- Default suite -->
</testng-results>
